Loading apptainer/1.3.4-gcc-14.2.0-g7o5w4g
  Loading requirement: glibc/2.35-gcc-14.2.0-yphg5zd
    openssl/3.4.0-gcc-14.2.0-v33guyd util-linux-uuid/2.40.2-gcc-14.2.0-rbariaf
    python/3.11.9-gcc-14.2.0-ecbnyqe
WARNING: group: unknown groupid 1443600513
/usr/local/lib/python3.12/dist-packages/torch/cuda/__init__.py:63: FutureWarning: The pynvml package is deprecated. Please install nvidia-ml-py instead. If you did not install pynvml directly, please report this to the maintainers of the package that installed pynvml for you.
  import pynvml  # type: ignore[import]
Traceback (most recent call last):
  File "/home1/michael2024/ML_Course/as4/scripts/train_dcgan.py", line 236, in <module>
    train_dcgan(epochs=args.epochs, save_dir=args.save_dir)
  File "/home1/michael2024/ML_Course/as4/scripts/train_dcgan.py", line 162, in train_dcgan
    fake_images = generator(noise)
                  ^^^^^^^^^^^^^^^^
  File "/usr/local/lib/python3.12/dist-packages/torch/nn/modules/module.py", line 1775, in _wrapped_call_impl
    return self._call_impl(*args, **kwargs)
           ^^^^^^^^^^^^^^^^^^^^^^^^^^^^^^^^
  File "/usr/local/lib/python3.12/dist-packages/torch/nn/modules/module.py", line 1786, in _call_impl
    return forward_call(*args, **kwargs)
           ^^^^^^^^^^^^^^^^^^^^^^^^^^^^^
  File "/usr/local/lib/python3.12/dist-packages/torch/nn/modules/module.py", line 399, in _forward_unimplemented
    raise NotImplementedError(
NotImplementedError: Module [Generator] is missing the required "forward" function
