Loading apptainer/1.3.4-gcc-14.2.0-g7o5w4g
  Loading requirement: glibc/2.35-gcc-14.2.0-yphg5zd
    openssl/3.4.0-gcc-14.2.0-v33guyd util-linux-uuid/2.40.2-gcc-14.2.0-rbariaf
    python/3.11.9-gcc-14.2.0-ecbnyqe
WARNING: group: unknown groupid 1443600513
/usr/local/lib/python3.12/dist-packages/torch/cuda/__init__.py:63: FutureWarning: The pynvml package is deprecated. Please install nvidia-ml-py instead. If you did not install pynvml directly, please report this to the maintainers of the package that installed pynvml for you.
  import pynvml  # type: ignore[import]
Traceback (most recent call last):
  File "/home1/michael2024/ML_Course/as4/scripts/train_dcgan.py", line 237, in <module>
    train_dcgan(epochs=args.epochs, save_dir=args.save_dir)
  File "/home1/michael2024/ML_Course/as4/scripts/train_dcgan.py", line 206, in train_dcgan
    torch.save(generator.state_dict(), f"models/dcgan_generator_{dataset}.pth")
  File "/usr/local/lib/python3.12/dist-packages/torch/serialization.py", line 966, in save
    with _open_zipfile_writer(f) as opened_zipfile:
         ^^^^^^^^^^^^^^^^^^^^^^^
  File "/usr/local/lib/python3.12/dist-packages/torch/serialization.py", line 828, in _open_zipfile_writer
    return container(name_or_buffer)  # type: ignore[arg-type]
           ^^^^^^^^^^^^^^^^^^^^^^^^^
  File "/usr/local/lib/python3.12/dist-packages/torch/serialization.py", line 792, in __init__
    torch._C.PyTorchFileWriter(
RuntimeError: Parent directory models/dcgan_generator_Dataset MNIST
    Number of datapoints: 60000
    Root location: . does not exist.
