This is pdfTeX, Version 3.141592653-2.6-1.40.28 (TeX Live 2025) (preloaded format=pdflatex 2025.12.5)  9 DEC 2025 11:58
entering extended mode
 restricted \write18 enabled.
 file:line:error style messages enabled.
 %&-line parsing enabled.
**main.tex
(./main.tex
LaTeX2e <2025-11-01>
L3 programming layer <2025-11-14>
(/home1/michael2024/texlive/texmf-dist/tex/latex/ieeetran/IEEEtran.cls
Document Class: IEEEtran 2015/08/26 V1.8b by Michael Shell
-- See the "IEEEtran_HOWTO" manual for usage information.
-- http://www.michaelshell.org/tex/ieeetran/
\@IEEEtrantmpdimenA=\dimen148
\@IEEEtrantmpdimenB=\dimen149
\@IEEEtrantmpdimenC=\dimen150
\@IEEEtrantmpcountA=\count275
\@IEEEtrantmpcountB=\count276
\@IEEEtrantmpcountC=\count277
\@IEEEtrantmptoksA=\toks17
LaTeX Font Info:    Trying to load font information for OT1+ptm on input line 503.
(/home1/michael2024/texlive/texmf-dist/tex/latex/psnfss/ot1ptm.fd
File: ot1ptm.fd 2001/06/04 font definitions for OT1/ptm.
)
-- Using 8.5in x 11in (letter) paper.
-- Using PDF output.
\@IEEEnormalsizeunitybaselineskip=\dimen151
-- This is an 11 point document.
LaTeX Encoding Info:    Redeclaring text command \textunderscore (encoding ?) on input line 937.
\CLASSINFOnormalsizebaselineskip=\dimen152
\CLASSINFOnormalsizeunitybaselineskip=\dimen153
\IEEEnormaljot=\dimen154
LaTeX Font Info:    Font shape `OT1/ptm/bx/n' in size <6> not available
(Font)              Font shape `OT1/ptm/b/n' tried instead on input line 1090.
LaTeX Font Info:    Font shape `OT1/ptm/bx/it' in size <6> not available
(Font)              Font shape `OT1/ptm/b/it' tried instead on input line 1090.
LaTeX Font Info:    Font shape `OT1/ptm/bx/n' in size <8> not available
(Font)              Font shape `OT1/ptm/b/n' tried instead on input line 1090.
LaTeX Font Info:    Font shape `OT1/ptm/bx/it' in size <8> not available
(Font)              Font shape `OT1/ptm/b/it' tried instead on input line 1090.
LaTeX Font Info:    Font shape `OT1/ptm/bx/n' in size <9> not available
(Font)              Font shape `OT1/ptm/b/n' tried instead on input line 1090.
LaTeX Font Info:    Font shape `OT1/ptm/bx/it' in size <9> not available
(Font)              Font shape `OT1/ptm/b/it' tried instead on input line 1090.
LaTeX Font Info:    Font shape `OT1/ptm/bx/n' in size <10> not available
(Font)              Font shape `OT1/ptm/b/n' tried instead on input line 1090.
LaTeX Font Info:    Font shape `OT1/ptm/bx/it' in size <10> not available
(Font)              Font shape `OT1/ptm/b/it' tried instead on input line 1090.
LaTeX Font Info:    Font shape `OT1/ptm/bx/n' in size <11> not available
(Font)              Font shape `OT1/ptm/b/n' tried instead on input line 1090.
LaTeX Font Info:    Font shape `OT1/ptm/bx/it' in size <11> not available
(Font)              Font shape `OT1/ptm/b/it' tried instead on input line 1090.
LaTeX Font Info:    Font shape `OT1/ptm/bx/n' in size <12> not available
(Font)              Font shape `OT1/ptm/b/n' tried instead on input line 1090.
LaTeX Font Info:    Font shape `OT1/ptm/bx/it' in size <12> not available
(Font)              Font shape `OT1/ptm/b/it' tried instead on input line 1090.
LaTeX Font Info:    Font shape `OT1/ptm/bx/n' in size <17> not available
(Font)              Font shape `OT1/ptm/b/n' tried instead on input line 1090.
LaTeX Font Info:    Font shape `OT1/ptm/bx/it' in size <17> not available
(Font)              Font shape `OT1/ptm/b/it' tried instead on input line 1090.
LaTeX Font Info:    Font shape `OT1/ptm/bx/n' in size <20> not available
(Font)              Font shape `OT1/ptm/b/n' tried instead on input line 1090.
LaTeX Font Info:    Font shape `OT1/ptm/bx/it' in size <20> not available
(Font)              Font shape `OT1/ptm/b/it' tried instead on input line 1090.
LaTeX Font Info:    Font shape `OT1/ptm/bx/n' in size <24> not available
(Font)              Font shape `OT1/ptm/b/n' tried instead on input line 1090.
LaTeX Font Info:    Font shape `OT1/ptm/bx/it' in size <24> not available
(Font)              Font shape `OT1/ptm/b/it' tried instead on input line 1090.
\IEEEquantizedlength=\dimen155
\IEEEquantizedlengthdiff=\dimen156
\IEEEquantizedtextheightdiff=\dimen157
\IEEEilabelindentA=\dimen158
\IEEEilabelindentB=\dimen159
\IEEEilabelindent=\dimen160
\IEEEelabelindent=\dimen161
\IEEEdlabelindent=\dimen162
\IEEElabelindent=\dimen163
\IEEEiednormlabelsep=\dimen164
\IEEEiedmathlabelsep=\dimen165
\IEEEiedtopsep=\skip49
\c@section=\count278
\c@subsection=\count279
\c@subsubsection=\count280
\c@paragraph=\count281
\c@IEEEsubequation=\count282
\abovecaptionskip=\skip50
\belowcaptionskip=\skip51
\c@figure=\count283
\c@table=\count284
\@IEEEeqnnumcols=\count285
\@IEEEeqncolcnt=\count286
\@IEEEsubeqnnumrollback=\count287
\@IEEEquantizeheightA=\dimen166
\@IEEEquantizeheightB=\dimen167
\@IEEEquantizeheightC=\dimen168
\@IEEEquantizeprevdepth=\dimen169
\@IEEEquantizemultiple=\count288
\@IEEEquantizeboxA=\box53
\@IEEEtmpitemindent=\dimen170
\IEEEPARstartletwidth=\dimen171
\c@IEEEbiography=\count289
\@IEEEtranrubishbin=\box54
) (/home1/michael2024/texlive/texmf-dist/tex/latex/cite/cite.sty
LaTeX Info: Redefining \cite on input line 302.
LaTeX Info: Redefining \nocite on input line 332.
Package: cite 2015/02/27  v 5.5
) (/home1/michael2024/texlive/texmf-dist/tex/latex/amsmath/amsmath.sty
Package: amsmath 2025/07/09 v2.17z AMS math features
\@mathmargin=\skip52

For additional information on amsmath, use the `?' option.
(/home1/michael2024/texlive/texmf-dist/tex/latex/amsmath/amstext.sty
Package: amstext 2024/11/17 v2.01 AMS text
 (/home1/michael2024/texlive/texmf-dist/tex/latex/amsmath/amsgen.sty
File: amsgen.sty 1999/11/30 v2.0 generic functions
\@emptytoks=\toks18
\ex@=\dimen172
)) (/home1/michael2024/texlive/texmf-dist/tex/latex/amsmath/amsbsy.sty
Package: amsbsy 1999/11/29 v1.2d Bold Symbols
\pmbraise@=\dimen173
) (/home1/michael2024/texlive/texmf-dist/tex/latex/amsmath/amsopn.sty
Package: amsopn 2022/04/08 v2.04 operator names
)
\inf@bad=\count290
LaTeX Info: Redefining \frac on input line 233.
\uproot@=\count291
\leftroot@=\count292
LaTeX Info: Redefining \overline on input line 398.
LaTeX Info: Redefining \colon on input line 409.
\classnum@=\count293
\DOTSCASE@=\count294
LaTeX Info: Redefining \ldots on input line 495.
LaTeX Info: Redefining \dots on input line 498.
LaTeX Info: Redefining \cdots on input line 619.
\Mathstrutbox@=\box55
\strutbox@=\box56
LaTeX Info: Redefining \big on input line 721.
LaTeX Info: Redefining \Big on input line 722.
LaTeX Info: Redefining \bigg on input line 723.
LaTeX Info: Redefining \Bigg on input line 724.
\big@size=\dimen174
LaTeX Font Info:    Redeclaring font encoding OML on input line 742.
LaTeX Font Info:    Redeclaring font encoding OMS on input line 743.
\macc@depth=\count295
LaTeX Info: Redefining \bmod on input line 904.
LaTeX Info: Redefining \pmod on input line 909.
LaTeX Info: Redefining \smash on input line 939.
LaTeX Info: Redefining \relbar on input line 969.
LaTeX Info: Redefining \Relbar on input line 970.
\c@MaxMatrixCols=\count296
\dotsspace@=\muskip17
\c@parentequation=\count297
\dspbrk@lvl=\count298
\tag@help=\toks19
\row@=\count299
\column@=\count300
\maxfields@=\count301
\andhelp@=\toks20
\eqnshift@=\dimen175
\alignsep@=\dimen176
\tagshift@=\dimen177
\tagwidth@=\dimen178
\totwidth@=\dimen179
\lineht@=\dimen180
\@envbody=\toks21
\multlinegap=\skip53
\multlinetaggap=\skip54
\mathdisplay@stack=\toks22
LaTeX Info: Redefining \[ on input line 2950.
LaTeX Info: Redefining \] on input line 2951.
) (/home1/michael2024/texlive/texmf-dist/tex/latex/amsfonts/amssymb.sty
Package: amssymb 2013/01/14 v3.01 AMS font symbols
 (/home1/michael2024/texlive/texmf-dist/tex/latex/amsfonts/amsfonts.sty
Package: amsfonts 2013/01/14 v3.01 Basic AMSFonts support
\symAMSa=\mathgroup4
\symAMSb=\mathgroup5
LaTeX Font Info:    Redeclaring math symbol \hbar on input line 98.
LaTeX Font Info:    Overwriting math alphabet `\mathfrak' in version `bold'
(Font)                  U/euf/m/n --> U/euf/b/n on input line 106.
)) (/home1/michael2024/texlive/texmf-dist/tex/latex/algorithms/algorithmic.sty
Package: algorithmic 2009/08/24 v0.1 Document Style `algorithmic'
 (/home1/michael2024/texlive/texmf-dist/tex/latex/base/ifthen.sty
Package: ifthen 2024/03/16 v1.1e Standard LaTeX ifthen package (DPC)
) (/home1/michael2024/texlive/texmf-dist/tex/latex/graphics/keyval.sty
Package: keyval 2022/05/29 v1.15 key=value parser (DPC)
\KV@toks@=\toks23
)
\c@ALC@unique=\count302
\c@ALC@line=\count303
\c@ALC@rem=\count304
\c@ALC@depth=\count305
\ALC@tlm=\skip55
\algorithmicindent=\skip56
) (/home1/michael2024/texlive/texmf-dist/tex/latex/graphics/graphicx.sty
Package: graphicx 2024/12/31 v1.2e Enhanced LaTeX Graphics (DPC,SPQR)
 (/home1/michael2024/texlive/texmf-dist/tex/latex/graphics/graphics.sty
Package: graphics 2024/08/06 v1.4g Standard LaTeX Graphics (DPC,SPQR)
 (/home1/michael2024/texlive/texmf-dist/tex/latex/graphics/trig.sty
Package: trig 2023/12/02 v1.11 sin cos tan (DPC)
) (/home1/michael2024/texlive/texmf-dist/tex/latex/graphics-cfg/graphics.cfg
File: graphics.cfg 2016/06/04 v1.11 sample graphics configuration
)
Package graphics Info: Driver file: pdftex.def on input line 106.
 (/home1/michael2024/texlive/texmf-dist/tex/latex/graphics-def/pdftex.def
File: pdftex.def 2025/09/29 v1.2d Graphics/color driver for pdftex
))
\Gin@req@height=\dimen181
\Gin@req@width=\dimen182
) (/home1/michael2024/texlive/texmf-dist/tex/latex/base/textcomp.sty
Package: textcomp 2024/04/24 v2.1b Standard LaTeX package
) (/home1/michael2024/texlive/texmf-dist/tex/latex/xcolor/xcolor.sty
Package: xcolor 2024/09/29 v3.02 LaTeX color extensions (UK)
 (/home1/michael2024/texlive/texmf-dist/tex/latex/graphics-cfg/color.cfg
File: color.cfg 2016/01/02 v1.6 sample color configuration
)
Package xcolor Info: Driver file: pdftex.def on input line 274.
 (/home1/michael2024/texlive/texmf-dist/tex/latex/graphics/mathcolor.ltx)
Package xcolor Info: Model `cmy' substituted by `cmy0' on input line 1349.
Package xcolor Info: Model `hsb' substituted by `rgb' on input line 1353.
Package xcolor Info: Model `RGB' extended on input line 1365.
Package xcolor Info: Model `HTML' substituted by `rgb' on input line 1367.
Package xcolor Info: Model `Hsb' substituted by `hsb' on input line 1368.
Package xcolor Info: Model `tHsb' substituted by `hsb' on input line 1369.
Package xcolor Info: Model `HSB' substituted by `hsb' on input line 1370.
Package xcolor Info: Model `Gray' substituted by `gray' on input line 1371.
Package xcolor Info: Model `wave' substituted by `hsb' on input line 1372.
) (/home1/michael2024/texlive/texmf-dist/tex/latex/booktabs/booktabs.sty
Package: booktabs 2020/01/12 v1.61803398 Publication quality tables
\heavyrulewidth=\dimen183
\lightrulewidth=\dimen184
\cmidrulewidth=\dimen185
\belowrulesep=\dimen186
\belowbottomsep=\dimen187
\aboverulesep=\dimen188
\abovetopsep=\dimen189
\cmidrulesep=\dimen190
\cmidrulekern=\dimen191
\defaultaddspace=\dimen192
\@cmidla=\count306
\@cmidlb=\count307
\@aboverulesep=\dimen193
\@belowrulesep=\dimen194
\@thisruleclass=\count308
\@lastruleclass=\count309
\@thisrulewidth=\dimen195
) (/home1/michael2024/texlive/texmf-dist/tex/latex/hyperref/hyperref.sty
Package: hyperref 2025-07-12 v7.01o Hypertext links for LaTeX
 (/home1/michael2024/texlive/texmf-dist/tex/generic/iftex/iftex.sty
Package: iftex 2024/12/12 v1.0g TeX engine tests
) (/home1/michael2024/texlive/texmf-dist/tex/latex/kvsetkeys/kvsetkeys.sty
Package: kvsetkeys 2022-10-05 v1.19 Key value parser (HO)
) (/home1/michael2024/texlive/texmf-dist/tex/generic/kvdefinekeys/kvdefinekeys.sty
Package: kvdefinekeys 2019-12-19 v1.6 Define keys (HO)
) (/home1/michael2024/texlive/texmf-dist/tex/generic/pdfescape/pdfescape.sty
Package: pdfescape 2019/12/09 v1.15 Implements pdfTeX's escape features (HO)
 (/home1/michael2024/texlive/texmf-dist/tex/generic/ltxcmds/ltxcmds.sty
Package: ltxcmds 2023-12-04 v1.26 LaTeX kernel commands for general use (HO)
) (/home1/michael2024/texlive/texmf-dist/tex/generic/pdftexcmds/pdftexcmds.sty
Package: pdftexcmds 2020-06-27 v0.33 Utility functions of pdfTeX for LuaTeX (HO)
 (/home1/michael2024/texlive/texmf-dist/tex/generic/infwarerr/infwarerr.sty
Package: infwarerr 2019/12/03 v1.5 Providing info/warning/error messages (HO)
)
Package pdftexcmds Info: \pdf@primitive is available.
Package pdftexcmds Info: \pdf@ifprimitive is available.
Package pdftexcmds Info: \pdfdraftmode found.
)) (/home1/michael2024/texlive/texmf-dist/tex/latex/hycolor/hycolor.sty
Package: hycolor 2020-01-27 v1.10 Color options for hyperref/bookmark (HO)
) (/home1/michael2024/texlive/texmf-dist/tex/latex/hyperref/nameref.sty
Package: nameref 2025-06-21 v2.57 Cross-referencing by name of section
 (/home1/michael2024/texlive/texmf-dist/tex/latex/refcount/refcount.sty
Package: refcount 2019/12/15 v3.6 Data extraction from label references (HO)
) (/home1/michael2024/texlive/texmf-dist/tex/generic/gettitlestring/gettitlestring.sty
Package: gettitlestring 2019/12/15 v1.6 Cleanup title references (HO)
 (/home1/michael2024/texlive/texmf-dist/tex/latex/kvoptions/kvoptions.sty
Package: kvoptions 2022-06-15 v3.15 Key value format for package options (HO)
))
\c@section@level=\count310
) (/home1/michael2024/texlive/texmf-dist/tex/latex/etoolbox/etoolbox.sty
Package: etoolbox 2025/10/02 v2.5m e-TeX tools for LaTeX (JAW)
\etb@tempcnta=\count311
) (/home1/michael2024/texlive/texmf-dist/tex/generic/stringenc/stringenc.sty
Package: stringenc 2019/11/29 v1.12 Convert strings between diff. encodings (HO)
)
\@linkdim=\dimen196
\Hy@linkcounter=\count312
\Hy@pagecounter=\count313
 (/home1/michael2024/texlive/texmf-dist/tex/latex/hyperref/pd1enc.def
File: pd1enc.def 2025-07-12 v7.01o Hyperref: PDFDocEncoding definition (HO)
Now handling font encoding PD1 ...
... no UTF-8 mapping file for font encoding PD1
) (/home1/michael2024/texlive/texmf-dist/tex/generic/intcalc/intcalc.sty
Package: intcalc 2019/12/15 v1.3 Expandable calculations with integers (HO)
)
\Hy@SavedSpaceFactor=\count314
 (/home1/michael2024/texlive/texmf-dist/tex/latex/hyperref/puenc.def
File: puenc.def 2025-07-12 v7.01o Hyperref: PDF Unicode definition (HO)
Now handling font encoding PU ...
... no UTF-8 mapping file for font encoding PU
)
Package hyperref Info: Hyper figures OFF on input line 4195.
Package hyperref Info: Link nesting OFF on input line 4200.
Package hyperref Info: Hyper index ON on input line 4203.
Package hyperref Info: Plain pages OFF on input line 4210.
Package hyperref Info: Backreferencing OFF on input line 4215.
Package hyperref Info: Implicit mode ON; LaTeX internals redefined.
Package hyperref Info: Bookmarks ON on input line 4462.
\c@Hy@tempcnt=\count315
 (/home1/michael2024/texlive/texmf-dist/tex/latex/url/url.sty
\Urlmuskip=\muskip18
Package: url 2013/09/16  ver 3.4  Verb mode for urls, etc.
)
LaTeX Info: Redefining \url on input line 4801.
\XeTeXLinkMargin=\dimen197
 (/home1/michael2024/texlive/texmf-dist/tex/generic/bitset/bitset.sty
Package: bitset 2019/12/09 v1.3 Handle bit-vector datatype (HO)
 (/home1/michael2024/texlive/texmf-dist/tex/generic/bigintcalc/bigintcalc.sty
Package: bigintcalc 2019/12/15 v1.5 Expandable calculations on big integers (HO)
))
\Fld@menulength=\count316
\Field@Width=\dimen198
\Fld@charsize=\dimen199
Package hyperref Info: Hyper figures OFF on input line 6078.
Package hyperref Info: Link nesting OFF on input line 6083.
Package hyperref Info: Hyper index ON on input line 6086.
Package hyperref Info: backreferencing OFF on input line 6093.
Package hyperref Info: Link coloring OFF on input line 6098.
Package hyperref Info: Link coloring with OCG OFF on input line 6103.
Package hyperref Info: PDF/A mode OFF on input line 6108.
\Hy@abspage=\count317
\c@Item=\count318
\c@Hfootnote=\count319
)
Package hyperref Info: Driver (autodetected): hpdftex.
 (/home1/michael2024/texlive/texmf-dist/tex/latex/hyperref/hpdftex.def
File: hpdftex.def 2025-07-12 v7.01o Hyperref driver for pdfTeX
\Fld@listcount=\count320
\c@bookmark@seq@number=\count321
 (/home1/michael2024/texlive/texmf-dist/tex/latex/rerunfilecheck/rerunfilecheck.sty
Package: rerunfilecheck 2025-06-21 v1.11 Rerun checks for auxiliary files (HO)
 (/home1/michael2024/texlive/texmf-dist/tex/generic/uniquecounter/uniquecounter.sty
Package: uniquecounter 2019/12/15 v1.4 Provide unlimited unique counter (HO)
)
Package uniquecounter Info: New unique counter `rerunfilecheck' on input line 284.
)
\Hy@SectionHShift=\skip57
) (/home1/michael2024/texlive/texmf-dist/tex/latex/bookmark/bookmark.sty
Package: bookmark 2023-12-10 v1.31 PDF bookmarks (HO)
 (/home1/michael2024/texlive/texmf-dist/tex/latex/bookmark/bkm-pdftex.def
File: bkm-pdftex.def 2023-12-10 v1.31 bookmark driver for pdfTeX and luaTeX (HO)
\BKM@id=\count322
)) (/home1/michael2024/texlive/texmf-dist/tex/latex/sttools/stfloats.sty
Package: stfloats 2025/06/18 v3.4 Improve float mechanism and baselineskip settings
\@dblbotnum=\count323
\c@dblbotnumber=\count324
) (/home1/michael2024/texlive/texmf-dist/tex/latex/float/float.sty
Package: float 2001/11/08 v1.3d Float enhancements (AL)
\c@float@type=\count325
\float@exts=\toks24
\float@box=\box57
\@float@everytoks=\toks25
\@floatcapt=\box58
) (/home1/michael2024/texlive/texmf-dist/tex/latex/l3backend/l3backend-pdftex.def
File: l3backend-pdftex.def 2025-10-09 L3 backend support: PDF output (pdfTeX)
\l__color_backend_stack_int=\count326
) (./main.aux)
\openout1 = `main.aux'.

LaTeX Font Info:    Checking defaults for OML/cmm/m/it on input line 14.
LaTeX Font Info:    ... okay on input line 14.
LaTeX Font Info:    Checking defaults for OMS/cmsy/m/n on input line 14.
LaTeX Font Info:    ... okay on input line 14.
LaTeX Font Info:    Checking defaults for OT1/cmr/m/n on input line 14.
LaTeX Font Info:    ... okay on input line 14.
LaTeX Font Info:    Checking defaults for T1/cmr/m/n on input line 14.
LaTeX Font Info:    ... okay on input line 14.
LaTeX Font Info:    Checking defaults for TS1/cmr/m/n on input line 14.
LaTeX Font Info:    ... okay on input line 14.
LaTeX Font Info:    Checking defaults for OMX/cmex/m/n on input line 14.
LaTeX Font Info:    ... okay on input line 14.
LaTeX Font Info:    Checking defaults for U/cmr/m/n on input line 14.
LaTeX Font Info:    ... okay on input line 14.
LaTeX Font Info:    Checking defaults for PD1/pdf/m/n on input line 14.
LaTeX Font Info:    ... okay on input line 14.
LaTeX Font Info:    Checking defaults for PU/pdf/m/n on input line 14.
LaTeX Font Info:    ... okay on input line 14.

-- Lines per column: 50 (exact).
(/home1/michael2024/texlive/texmf-dist/tex/context/base/mkii/supp-pdf.mkii
[Loading MPS to PDF converter (version 2006.09.02).]
\scratchcounter=\count327
\scratchdimen=\dimen256
\scratchbox=\box59
\nofMPsegments=\count328
\nofMParguments=\count329
\everyMPshowfont=\toks26
\MPscratchCnt=\count330
\MPscratchDim=\dimen257
\MPnumerator=\count331
\makeMPintoPDFobject=\count332
\everyMPtoPDFconversion=\toks27
) (/home1/michael2024/texlive/texmf-dist/tex/latex/epstopdf-pkg/epstopdf-base.sty
Package: epstopdf-base 2020-01-24 v2.11 Base part for package epstopdf
Package epstopdf-base Info: Redefining graphics rule for `.eps' on input line 485.
 (/home1/michael2024/texlive/texmf-dist/tex/latex/latexconfig/epstopdf-sys.cfg
File: epstopdf-sys.cfg 2010/07/13 v1.3 Configuration of (r)epstopdf for TeX Live
))
Package hyperref Info: Link coloring OFF on input line 14.
LaTeX Font Info:    Trying to load font information for TS1+ptm on input line 44.
 (/home1/michael2024/texlive/texmf-dist/tex/latex/psnfss/ts1ptm.fd
File: ts1ptm.fd 2001/06/04 font definitions for TS1/ptm.
)
LaTeX Font Info:    Calculating math sizes for size <11> on input line 44.
LaTeX Font Info:    Trying to load font information for U+msa on input line 44.
 (/home1/michael2024/texlive/texmf-dist/tex/latex/amsfonts/umsa.fd
File: umsa.fd 2013/01/14 v3.01 AMS symbols A
)
LaTeX Font Info:    Trying to load font information for U+msb on input line 44.
 (/home1/michael2024/texlive/texmf-dist/tex/latex/amsfonts/umsb.fd
File: umsb.fd 2013/01/14 v3.01 AMS symbols B
)
<GAN_Architecture.pdf, id=7, 1107.17632pt x 450.72388pt>
File: GAN_Architecture.pdf Graphic file (type pdf)
<use GAN_Architecture.pdf>
Package pdftex.def Info: GAN_Architecture.pdf  used on input line 51.
(pdftex.def)             Requested size: 464.39685pt x 189.05515pt.
LaTeX Info: Symbol \textrightarrow not provided by
            font family ptm in TS1 encoding.
            Default family used instead on input line 52.
LaTeX Info: Symbol \textrightarrow not provided by
            font family ptm in TS1 encoding.
            Default family used instead on input line 52.
LaTeX Info: Symbol \textrightarrow not provided by
            font family ptm in TS1 encoding.
            Default family used instead on input line 52.
LaTeX Info: Symbol \textrightarrow not provided by
            font family ptm in TS1 encoding.
            Default family used instead on input line 52.
LaTeX Info: Symbol \textrightarrow not provided by
            font family ptm in TS1 encoding.
            Default family used instead on input line 52.
LaTeX Info: Symbol \textrightarrow not provided by
            font family ptm in TS1 encoding.
            Default family used instead on input line 52.
LaTeX Info: Symbol \textrightarrow not provided by
            font family ptm in TS1 encoding.
            Default family used instead on input line 52.
LaTeX Info: Symbol \textrightarrow not provided by
            font family ptm in TS1 encoding.
            Default family used instead on input line 52.
LaTeX Info: Symbol \textrightarrow not provided by
            font family ptm in TS1 encoding.
            Default family used instead on input line 52.
LaTeX Info: Symbol \textrightarrow not provided by
            font family ptm in TS1 encoding.
            Default family used instead on input line 52.
LaTeX Info: Symbol \textrightarrow not provided by
            font family ptm in TS1 encoding.
            Default family used instead on input line 52.
LaTeX Info: Symbol \textrightarrow not provided by
            font family ptm in TS1 encoding.
            Default family used instead on input line 52.
LaTeX Info: Symbol \textrightarrow not provided by
            font family ptm in TS1 encoding.
            Default family used instead on input line 52.
LaTeX Info: Symbol \textrightarrow not provided by
            font family ptm in TS1 encoding.
            Default family used instead on input line 52.
LaTeX Info: Symbol \textrightarrow not provided by
            font family ptm in TS1 encoding.
            Default family used instead on input line 52.
LaTeX Info: Symbol \textrightarrow not provided by
            font family ptm in TS1 encoding.
            Default family used instead on input line 52.

Underfull \hbox (badness 10000) in paragraph at lines 57--58
[]\OT1/ptm/m/n/11 A pre-trained De-nois-ing Dif-fu-sion Prob-a-bilis-tic
 []


Underfull \hbox (badness 1400) in paragraph at lines 57--58
\OT1/ptm/m/n/11 uses a UNet back-bone with timestep con-di-tion-ing,
 []

[1{/home1/michael2024/texlive/texmf-var/fonts/map/pdftex/updmap/pdftex.map}{/home1/michael2024/texlive/texmf-dist/fonts/enc/dvips/base/8r.enc}


]
Underfull \hbox (badness 1688) in paragraph at lines 76--77
[]\OT1/ptm/m/n/11 The base-line con-fig-u-ra-tion avoids mode col-lapse
 []

<../../output/dcgan_baseline/samples/epoch_001.png, id=32, 722.7pt x 722.7pt>
File: ../../output/dcgan_baseline/samples/epoch_001.png Graphic file (type png)
<use ../../output/dcgan_baseline/samples/epoch_001.png>
Package pdftex.def Info: ../../output/dcgan_baseline/samples/epoch_001.png  used on input line 80.
(pdftex.def)             Requested size: 123.84283pt x 123.83882pt.
<../../output/dcgan_baseline/samples/epoch_050.png, id=34, 722.7pt x 722.7pt>
File: ../../output/dcgan_baseline/samples/epoch_050.png Graphic file (type png)
<use ../../output/dcgan_baseline/samples/epoch_050.png>
Package pdftex.def Info: ../../output/dcgan_baseline/samples/epoch_050.png  used on input line 81.
(pdftex.def)             Requested size: 123.84283pt x 123.83882pt.

Underfull \hbox (badness 1681) in paragraph at lines 89--90
\OT1/ptm/m/n/11 noise with min-i-mal digit struc-ture, con-trast-ing
 []

[2
pdfTeX warning (ext4): destination with the same identifier (name{figure.1}) has been already used, duplicate ignored
<argument> ...shipout:D \box_use:N \l_shipout_box 
                                                  \__shipout_drop_firstpage_...
l.94 \end{itemize}
                  {/home1/michael2024/texlive/texmf-dist/fonts/enc/dvips/cm-super/cm-super-ts1.enc}
pdfTeX warning (ext4): destination with the same identifier (name{figure.2}) has been already used, duplicate ignored
<argument> ...shipout:D \box_use:N \l_shipout_box 
                                                  \__shipout_drop_firstpage_...
l.94 \end{itemize}
                   <./GAN_Architecture.pdf> <../../output/dcgan_baseline/samples/epoch_001.png> <../../output/dcgan_baseline/samples/epoch_050.png>]
<../../output/dcgan_modified/samples/epoch_001.png, id=68, 722.7pt x 722.7pt>
File: ../../output/dcgan_modified/samples/epoch_001.png Graphic file (type png)
<use ../../output/dcgan_modified/samples/epoch_001.png>
Package pdftex.def Info: ../../output/dcgan_modified/samples/epoch_001.png  used on input line 100.
(pdftex.def)             Requested size: 123.84283pt x 123.83882pt.
<../../output/dcgan_modified/samples/epoch_050.png, id=69, 722.7pt x 722.7pt>
File: ../../output/dcgan_modified/samples/epoch_050.png Graphic file (type png)
<use ../../output/dcgan_modified/samples/epoch_050.png>
Package pdftex.def Info: ../../output/dcgan_modified/samples/epoch_050.png  used on input line 101.
(pdftex.def)             Requested size: 123.84283pt x 123.83882pt.
<../../output/dcgan_baseline/training_losses.png, id=71, 722.7pt x 361.35pt>
File: ../../output/dcgan_baseline/training_losses.png Graphic file (type png)
<use ../../output/dcgan_baseline/training_losses.png>
Package pdftex.def Info: ../../output/dcgan_baseline/training_losses.png  used on input line 157.
(pdftex.def)             Requested size: 247.6778pt x 123.83882pt.
<../../output/dcgan_modified/training_losses.png, id=72, 722.7pt x 361.35pt>
File: ../../output/dcgan_modified/training_losses.png Graphic file (type png)
<use ../../output/dcgan_modified/training_losses.png>
Package pdftex.def Info: ../../output/dcgan_modified/training_losses.png  used on input line 158.
(pdftex.def)             Requested size: 247.6778pt x 123.83882pt.
 [3
pdfTeX warning (ext4): destination with the same identifier (name{figure.3}) has been already used, duplicate ignored
<argument> ...shipout:D \box_use:N \l_shipout_box 
                                                  \__shipout_drop_firstpage_...
l.179 \end{itemize}
                   
pdfTeX warning (ext4): destination with the same identifier (name{table.1}) has been already used, duplicate ignored
<argument> ...shipout:D \box_use:N \l_shipout_box 
                                                  \__shipout_drop_firstpage_...
l.179 \end{itemize}
                    <../../output/dcgan_modified/samples/epoch_001.png> <../../output/dcgan_modified/samples/epoch_050.png>]
Underfull \hbox (badness 3989) in paragraph at lines 188--189
\OT1/ptm/m/n/11 demon-strates a crit-i-cal fail-ure mode: ar-chi-tec-tural
 []

<../../output/diffusion_denoise/denoise_noise_0.3.png, id=85, 1140.4206pt x 428.3202pt>
File: ../../output/diffusion_denoise/denoise_noise_0.3.png Graphic file (type png)
<use ../../output/diffusion_denoise/denoise_noise_0.3.png>
Package pdftex.def Info: ../../output/diffusion_denoise/denoise_noise_0.3.png  used on input line 196.
(pdftex.def)             Requested size: 165.12378pt x 62.0166pt.
<../../output/diffusion_denoise/denoise_noise_0.5.png, id=86, 1140.4206pt x 428.3202pt>
File: ../../output/diffusion_denoise/denoise_noise_0.5.png Graphic file (type png)
<use ../../output/diffusion_denoise/denoise_noise_0.5.png>
Package pdftex.def Info: ../../output/diffusion_denoise/denoise_noise_0.5.png  used on input line 197.
(pdftex.def)             Requested size: 165.12378pt x 62.0166pt.
<../../output/diffusion_denoise/denoise_noise_0.7.png, id=87, 1140.4206pt x 428.3202pt>
File: ../../output/diffusion_denoise/denoise_noise_0.7.png Graphic file (type png)
<use ../../output/diffusion_denoise/denoise_noise_0.7.png>
Package pdftex.def Info: ../../output/diffusion_denoise/denoise_noise_0.7.png  used on input line 198.
(pdftex.def)             Requested size: 165.12378pt x 62.0166pt.
[4
pdfTeX warning (ext4): destination with the same identifier (name{figure.4}) has been already used, duplicate ignored
<argument> ...shipout:D \box_use:N \l_shipout_box 
                                                  \__shipout_drop_firstpage_...
l.238 \end{itemize}
                   
pdfTeX warning (ext4): destination with the same identifier (name{table.2}) has been already used, duplicate ignored
<argument> ...shipout:D \box_use:N \l_shipout_box 
                                                  \__shipout_drop_firstpage_...
l.238 \end{itemize}
                    <../../output/dcgan_baseline/training_losses.png> <../../output/dcgan_modified/training_losses.png>] [5
pdfTeX warning (ext4): destination with the same identifier (name{figure.5}) has been already used, duplicate ignored
<argument> ...shipout:D \box_use:N \l_shipout_box 
                                                  \__shipout_drop_firstpage_...
l.265 \subsection
                 {Limitations} <../../output/diffusion_denoise/denoise_noise_0.3.png> <../../output/diffusion_denoise/denoise_noise_0.5.png> <../../output/diffusion_denoise/denoise_noise_0.7.png>]
Underfull \hbox (badness 1776) in paragraph at lines 277--278
[]\OT1/ptm/b/n/11 Training Du-ra-tion: \OT1/ptm/m/n/11 Both GANs trained for 50
 []


Underfull \hbox (badness 10000) in paragraph at lines 285--286
[]\OT1/ptm/m/n/11 Improving DC-GAN sta-bil-ity re-quires bal-anced
 []


Underfull \hbox (badness 7613) in paragraph at lines 285--286
\OT1/ptm/m/n/11 generator-discriminator ca-pac-ity to pre-vent power
 []


Underfull \hbox (badness 4441) in paragraph at lines 285--286
\OT1/ptm/m/n/11 ma-tri-ces to pre-vent ex-plod-ing gra-di-ents, al-low-ing
 []

(./main.bbl) [6]
Underfull \hbox (badness 6792) in paragraph at lines 310--311
[]\OT1/ptm/m/n/11 The App-tainer con-tainer (dc-gan[]diffusion.sif) was built from the NVIDIA Py-Torch base im-age
 []

LaTeX Font Info:    Trying to load font information for OT1+pcr on input line 335.
(/home1/michael2024/texlive/texmf-dist/tex/latex/psnfss/ot1pcr.fd
File: ot1pcr.fd 2001/06/04 font definitions for OT1/pcr.
)
File: ../../output/dcgan_baseline/samples/epoch_001.png Graphic file (type png)
<use ../../output/dcgan_baseline/samples/epoch_001.png>
Package pdftex.def Info: ../../output/dcgan_baseline/samples/epoch_001.png  used on input line 360.
(pdftex.def)             Requested size: 123.84283pt x 123.83882pt.
<../../output/dcgan_baseline/samples/epoch_005.png, id=140, 722.7pt x 722.7pt>
File: ../../output/dcgan_baseline/samples/epoch_005.png Graphic file (type png)
<use ../../output/dcgan_baseline/samples/epoch_005.png>
Package pdftex.def Info: ../../output/dcgan_baseline/samples/epoch_005.png  used on input line 361.
(pdftex.def)             Requested size: 123.84283pt x 123.83882pt.
<../../output/dcgan_baseline/samples/epoch_010.png, id=141, 722.7pt x 722.7pt>
File: ../../output/dcgan_baseline/samples/epoch_010.png Graphic file (type png)
<use ../../output/dcgan_baseline/samples/epoch_010.png>
Package pdftex.def Info: ../../output/dcgan_baseline/samples/epoch_010.png  used on input line 362.
(pdftex.def)             Requested size: 123.84283pt x 123.83882pt.
<../../output/dcgan_baseline/samples/epoch_015.png, id=142, 722.7pt x 722.7pt>
File: ../../output/dcgan_baseline/samples/epoch_015.png Graphic file (type png)
<use ../../output/dcgan_baseline/samples/epoch_015.png>
Package pdftex.def Info: ../../output/dcgan_baseline/samples/epoch_015.png  used on input line 363.
(pdftex.def)             Requested size: 123.84283pt x 123.83882pt.
<../../output/dcgan_baseline/samples/epoch_020.png, id=143, 722.7pt x 722.7pt>
File: ../../output/dcgan_baseline/samples/epoch_020.png Graphic file (type png)
<use ../../output/dcgan_baseline/samples/epoch_020.png>
Package pdftex.def Info: ../../output/dcgan_baseline/samples/epoch_020.png  used on input line 365.
(pdftex.def)             Requested size: 123.84283pt x 123.83882pt.
<../../output/dcgan_baseline/samples/epoch_025.png, id=144, 722.7pt x 722.7pt>
File: ../../output/dcgan_baseline/samples/epoch_025.png Graphic file (type png)
<use ../../output/dcgan_baseline/samples/epoch_025.png>
Package pdftex.def Info: ../../output/dcgan_baseline/samples/epoch_025.png  used on input line 366.
(pdftex.def)             Requested size: 123.84283pt x 123.83882pt.
<../../output/dcgan_baseline/samples/epoch_030.png, id=145, 722.7pt x 722.7pt>
File: ../../output/dcgan_baseline/samples/epoch_030.png Graphic file (type png)
<use ../../output/dcgan_baseline/samples/epoch_030.png>
Package pdftex.def Info: ../../output/dcgan_baseline/samples/epoch_030.png  used on input line 367.
(pdftex.def)             Requested size: 123.84283pt x 123.83882pt.
<../../output/dcgan_baseline/samples/epoch_035.png, id=146, 722.7pt x 722.7pt>
File: ../../output/dcgan_baseline/samples/epoch_035.png Graphic file (type png)
<use ../../output/dcgan_baseline/samples/epoch_035.png>
Package pdftex.def Info: ../../output/dcgan_baseline/samples/epoch_035.png  used on input line 368.
(pdftex.def)             Requested size: 123.84283pt x 123.83882pt.
<../../output/dcgan_baseline/samples/epoch_040.png, id=147, 722.7pt x 722.7pt>
File: ../../output/dcgan_baseline/samples/epoch_040.png Graphic file (type png)
<use ../../output/dcgan_baseline/samples/epoch_040.png>
Package pdftex.def Info: ../../output/dcgan_baseline/samples/epoch_040.png  used on input line 370.
(pdftex.def)             Requested size: 123.84283pt x 123.83882pt.
<../../output/dcgan_baseline/samples/epoch_045.png, id=148, 722.7pt x 722.7pt>
File: ../../output/dcgan_baseline/samples/epoch_045.png Graphic file (type png)
<use ../../output/dcgan_baseline/samples/epoch_045.png>
Package pdftex.def Info: ../../output/dcgan_baseline/samples/epoch_045.png  used on input line 371.
(pdftex.def)             Requested size: 123.84283pt x 123.83882pt.
File: ../../output/dcgan_baseline/samples/epoch_050.png Graphic file (type png)
<use ../../output/dcgan_baseline/samples/epoch_050.png>
Package pdftex.def Info: ../../output/dcgan_baseline/samples/epoch_050.png  used on input line 372.
(pdftex.def)             Requested size: 123.84283pt x 123.83882pt.
 [7

] [8
pdfTeX warning (ext4): destination with the same identifier (name{figure.6}) has been already used, duplicate ignored
<argument> ...shipout:D \box_use:N \l_shipout_box 
                                                  \__shipout_drop_firstpage_...
l.377 \clearpage
                 <../../output/dcgan_baseline/samples/epoch_005.png> <../../output/dcgan_baseline/samples/epoch_010.png> <../../output/dcgan_baseline/samples/epoch_015.png> <../../output/dcgan_baseline/samples/epoch_020.png> <../../output/dcgan_baseline/samples/epoch_025.png> <../../output/dcgan_baseline/samples/epoch_030.png> <../../output/dcgan_baseline/samples/epoch_035.png> <../../output/dcgan_baseline/samples/epoch_040.png> <../../output/dcgan_baseline/samples/epoch_045.png>]
File: ../../output/dcgan_modified/samples/epoch_001.png Graphic file (type png)
<use ../../output/dcgan_modified/samples/epoch_001.png>
Package pdftex.def Info: ../../output/dcgan_modified/samples/epoch_001.png  used on input line 382.
(pdftex.def)             Requested size: 123.84283pt x 123.83882pt.
<../../output/dcgan_modified/samples/epoch_005.png, id=179, 722.7pt x 722.7pt>
File: ../../output/dcgan_modified/samples/epoch_005.png Graphic file (type png)
<use ../../output/dcgan_modified/samples/epoch_005.png>
Package pdftex.def Info: ../../output/dcgan_modified/samples/epoch_005.png  used on input line 383.
(pdftex.def)             Requested size: 123.84283pt x 123.83882pt.
<../../output/dcgan_modified/samples/epoch_010.png, id=180, 722.7pt x 722.7pt>
File: ../../output/dcgan_modified/samples/epoch_010.png Graphic file (type png)
<use ../../output/dcgan_modified/samples/epoch_010.png>
Package pdftex.def Info: ../../output/dcgan_modified/samples/epoch_010.png  used on input line 384.
(pdftex.def)             Requested size: 123.84283pt x 123.83882pt.
<../../output/dcgan_modified/samples/epoch_015.png, id=181, 722.7pt x 722.7pt>
File: ../../output/dcgan_modified/samples/epoch_015.png Graphic file (type png)
<use ../../output/dcgan_modified/samples/epoch_015.png>
Package pdftex.def Info: ../../output/dcgan_modified/samples/epoch_015.png  used on input line 385.
(pdftex.def)             Requested size: 123.84283pt x 123.83882pt.
<../../output/dcgan_modified/samples/epoch_020.png, id=182, 722.7pt x 722.7pt>
File: ../../output/dcgan_modified/samples/epoch_020.png Graphic file (type png)
<use ../../output/dcgan_modified/samples/epoch_020.png>
Package pdftex.def Info: ../../output/dcgan_modified/samples/epoch_020.png  used on input line 387.
(pdftex.def)             Requested size: 123.84283pt x 123.83882pt.
<../../output/dcgan_modified/samples/epoch_025.png, id=183, 722.7pt x 722.7pt>
File: ../../output/dcgan_modified/samples/epoch_025.png Graphic file (type png)
<use ../../output/dcgan_modified/samples/epoch_025.png>
Package pdftex.def Info: ../../output/dcgan_modified/samples/epoch_025.png  used on input line 388.
(pdftex.def)             Requested size: 123.84283pt x 123.83882pt.
<../../output/dcgan_modified/samples/epoch_030.png, id=184, 722.7pt x 722.7pt>
File: ../../output/dcgan_modified/samples/epoch_030.png Graphic file (type png)
<use ../../output/dcgan_modified/samples/epoch_030.png>
Package pdftex.def Info: ../../output/dcgan_modified/samples/epoch_030.png  used on input line 389.
(pdftex.def)             Requested size: 123.84283pt x 123.83882pt.
<../../output/dcgan_modified/samples/epoch_035.png, id=185, 722.7pt x 722.7pt>
File: ../../output/dcgan_modified/samples/epoch_035.png Graphic file (type png)
<use ../../output/dcgan_modified/samples/epoch_035.png>
Package pdftex.def Info: ../../output/dcgan_modified/samples/epoch_035.png  used on input line 390.
(pdftex.def)             Requested size: 123.84283pt x 123.83882pt.
<../../output/dcgan_modified/samples/epoch_040.png, id=186, 722.7pt x 722.7pt>
File: ../../output/dcgan_modified/samples/epoch_040.png Graphic file (type png)
<use ../../output/dcgan_modified/samples/epoch_040.png>
Package pdftex.def Info: ../../output/dcgan_modified/samples/epoch_040.png  used on input line 392.
(pdftex.def)             Requested size: 123.84283pt x 123.83882pt.
<../../output/dcgan_modified/samples/epoch_045.png, id=187, 722.7pt x 722.7pt>
File: ../../output/dcgan_modified/samples/epoch_045.png Graphic file (type png)
<use ../../output/dcgan_modified/samples/epoch_045.png>
Package pdftex.def Info: ../../output/dcgan_modified/samples/epoch_045.png  used on input line 393.
(pdftex.def)             Requested size: 123.84283pt x 123.83882pt.
File: ../../output/dcgan_modified/samples/epoch_050.png Graphic file (type png)
<use ../../output/dcgan_modified/samples/epoch_050.png>
Package pdftex.def Info: ../../output/dcgan_modified/samples/epoch_050.png  used on input line 394.
(pdftex.def)             Requested size: 123.84283pt x 123.83882pt.


** Conference Paper **
Before submitting the final camera ready copy, remember to:

 1. Manually equalize the lengths of two columns on the last page
 of your paper;

 2. Ensure that any PostScript and/or PDF output post-processing
 uses only Type 1 fonts and that every step in the generation
 process uses the appropriate paper size.

[9


pdfTeX warning (ext4): destination with the same identifier (name{figure.7}) has been already used, duplicate ignored
<argument> ...shipout:D \box_use:N \l_shipout_box 
                                                  \__shipout_drop_firstpage_...
l.399 \end{document}
                     <../../output/dcgan_modified/samples/epoch_005.png> <../../output/dcgan_modified/samples/epoch_010.png> <../../output/dcgan_modified/samples/epoch_015.png> <../../output/dcgan_modified/samples/epoch_020.png> <../../output/dcgan_modified/samples/epoch_025.png> <../../output/dcgan_modified/samples/epoch_030.png> <../../output/dcgan_modified/samples/epoch_035.png> <../../output/dcgan_modified/samples/epoch_040.png> <../../output/dcgan_modified/samples/epoch_045.png>] (./main.aux)
 ***********
LaTeX2e <2025-11-01>
L3 programming layer <2025-11-14>
 ***********
 ) 
Here is how much of TeX's memory you used:
 12053 strings out of 467538
 194990 string characters out of 5417989
 614395 words of memory out of 5000000
 40735 multiletter control sequences out of 15000+600000
 668971 words of font info for 124 fonts, out of 8000000 for 9000
 1141 hyphenation exceptions out of 8191
 75i,9n,79p,957b,533s stack positions out of 10000i,1000n,20000p,200000b,200000s
</home1/michael2024/texlive/texmf-dist/fonts/type1/public/amsfonts/cm/cmmi10.pfb></home1/michael2024/texlive/texmf-dist/fonts/type1/public/amsfonts/cm/cmmi8.pfb></home1/michael2024/texlive/texmf-dist/fonts/type1/public/amsfonts/cm/cmmi9.pfb></home1/michael2024/texlive/texmf-dist/fonts/type1/public/amsfonts/cm/cmr10.pfb></home1/michael2024/texlive/texmf-dist/fonts/type1/public/amsfonts/cm/cmr9.pfb></home1/michael2024/texlive/texmf-dist/fonts/type1/public/amsfonts/cm/cmsy10.pfb></home1/michael2024/texlive/texmf-dist/fonts/type1/public/amsfonts/cm/cmsy8.pfb></home1/michael2024/texlive/texmf-dist/fonts/type1/public/cm-super/sfrm0900.pfb></home1/michael2024/texlive/texmf-dist/fonts/type1/urw/courier/ucrr8a.pfb></home1/michael2024/texlive/texmf-dist/fonts/type1/urw/times/utmb8a.pfb></home1/michael2024/texlive/texmf-dist/fonts/type1/urw/times/utmbi8a.pfb></home1/michael2024/texlive/texmf-dist/fonts/type1/urw/times/utmr8a.pfb></home1/michael2024/texlive/texmf-dist/fonts/type1/urw/times/utmri8a.pfb>
Output written on main.pdf (9 pages, 9204484 bytes).
PDF statistics:
 353 PDF objects out of 1000 (max. 8388607)
 249 compressed objects within 3 object streams
 56 named destinations out of 1000 (max. 500000)
 349 words of extra memory for PDF output out of 10000 (max. 10000000)

